<?xml version="1.0" encoding="UTF-8"?>
<testng-results ignored="0" total="2" passed="2" failed="0" skipped="0">
  <reporter-output>
  </reporter-output>
  <suite started-at="2023-06-20T10:29:48 IST" name="Default suite" finished-at="2023-06-20T10:29:49 IST" duration-ms="80">
    <groups>
    </groups>
    <test started-at="2023-06-20T10:29:48 IST" name="Default test" finished-at="2023-06-20T10:29:49 IST" duration-ms="80">
      <class name="UdemyCourse.AllCodes.Section14.test1">
        <test-method signature="streamCollect()[pri:0, instance:UdemyCourse.AllCodes.Section14.test1@1623b78d]" started-at="2023-06-20T10:29:49 IST" name="streamCollect" finished-at="2023-06-20T10:29:49 IST" duration-ms="10" status="PASS">
          <reporter-output>
          </reporter-output>
        </test-method> <!-- streamCollect -->
        <test-method signature="streamFilter()[pri:0, instance:UdemyCourse.AllCodes.Section14.test1@1623b78d]" started-at="2023-06-20T10:29:49 IST" name="streamFilter" finished-at="2023-06-20T10:29:49 IST" duration-ms="6" status="PASS">
          <reporter-output>
          </reporter-output>
        </test-method> <!-- streamFilter -->
      </class> <!-- UdemyCourse.AllCodes.Section14.test1 -->
    </test> <!-- Default test -->
  </suite> <!-- Default suite -->
</testng-results>
